-- Logs begin at Sun 2021-07-04 10:13:09 EDT, end at Sat 2021-11-27 09:03:33 EST. --
Nov 27 00:55:55 the-rain-maker systemd[1]: Starting dstock SuperArbys palloc WAFFELBIT6 trader service...
Nov 27 00:55:57 the-rain-maker trader_SuperArbys_WAFFELBIT6[1561091]: INFO:root:Logging into Alpaca
Nov 27 00:55:57 the-rain-maker trader_SuperArbys_WAFFELBIT6[1561091]: INFO:root:Canceling existing orders
Nov 27 00:55:57 the-rain-maker trader_SuperArbys_WAFFELBIT6[1561091]: INFO:root:Requesting current orders
Nov 27 00:55:58 the-rain-maker trader_SuperArbys_WAFFELBIT6[1561091]: INFO:root:   + buy 198.89 shares of H @ $ 78.23  = $ 15559.03
Nov 27 00:55:58 the-rain-maker trader_SuperArbys_WAFFELBIT6[1561091]: {
Nov 27 00:55:58 the-rain-maker trader_SuperArbys_WAFFELBIT6[1561091]:     "account_value": 100000.0,
Nov 27 00:55:58 the-rain-maker trader_SuperArbys_WAFFELBIT6[1561091]:     "goal_allocation": {
Nov 27 00:55:58 the-rain-maker trader_SuperArbys_WAFFELBIT6[1561091]:         "H": 0.15559034266043653,
Nov 27 00:55:58 the-rain-maker trader_SuperArbys_WAFFELBIT6[1561091]:         "ESS": 0.06114646813182801,
Nov 27 00:55:58 the-rain-maker trader_SuperArbys_WAFFELBIT6[1561091]:         "LMT": 0.21313315363704127,
Nov 27 00:55:58 the-rain-maker trader_SuperArbys_WAFFELBIT6[1561091]:         "AMG": 0.03512470869134624,
Nov 27 00:55:58 the-rain-maker trader_SuperArbys_WAFFELBIT6[1561091]:         "NSC": 0.10050677846345797,
Nov 27 00:55:58 the-rain-maker trader_SuperArbys_WAFFELBIT6[1561091]:         "BAX": 0.4344985484158899
Nov 27 00:55:58 the-rain-maker trader_SuperArbys_WAFFELBIT6[1561091]:     },
Nov 27 00:55:58 the-rain-maker trader_SuperArbys_WAFFELBIT6[1561091]:     "requested_recommendation_time": null,
Nov 27 00:55:58 the-rain-maker trader_SuperArbys_WAFFELBIT6[1561091]:     "actual_recommendation_time": "2021-11-27 00:53:08",
Nov 27 00:55:58 the-rain-maker trader_SuperArbys_WAFFELBIT6[1561091]:     "cur_time": "2021-11-27",
Nov 27 00:55:58 the-rain-maker trader_SuperArbys_WAFFELBIT6[1561091]:     "recommendation_run_end_date": "2021-11-26 00:00:00",
Nov 27 00:55:58 the-rain-maker trader_SuperArbys_WAFFELBIT6[1561091]:     "orders": [
Nov 27 00:55:58 the-rain-maker trader_SuperArbys_WAFFELBIT6[1561091]:         [
Nov 27 00:55:58 the-rain-maker trader_SuperArbys_WAFFELBIT6[1561091]:             "buy",
Nov 27 00:55:58 the-rain-maker trader_SuperArbys_WAFFELBIT6[1561091]:             "H",
Nov 27 00:55:58 the-rain-maker trader_SuperArbys_WAFFELBIT6[1561091]:             198.88827815416082
Nov 27 00:55:58 the-rain-maker trader_SuperArbys_WAFFELBIT6[1561091]:         ],
Nov 27 00:55:58 the-rain-maker trader_SuperArbys_WAFFELBIT6[1561091]:         [
Nov 27 00:55:58 the-rain-maker trader_SuperArbys_WAFFELBIT6[1561091]:             "buy",
Nov 27 00:55:58 the-rain-maker trader_SuperArbys_WAFFELBIT6[1561091]:             "ESS",
Nov 27 00:55:58 the-rain-maker trader_SuperArbys_WAFFELBIT6[1561091]:             17.946260859356656
Nov 27 00:55:58 the-rain-maker trader_SuperArbys_WAFFELBIT6[1561091]:         ],
Nov 27 00:55:58 the-rain-maker trader_SuperArbys_WAFFELBIT6[1561091]:         [
Nov 27 00:55:58 the-rain-maker trader_SuperArbys_WAFFELBIT6[1561091]:             "buy",
Nov 27 00:55:58 the-rain-maker trader_SuperArbys_WAFFELBIT6[1561091]:             "LMT",
Nov 27 00:55:58 the-rain-maker trader_SuperArbys_WAFFELBIT6[1561091]:             62.20506085281499
Nov 27 00:55:58 the-rain-maker trader_SuperArbys_WAFFELBIT6[1561091]:         ],
Nov 27 00:55:58 the-rain-maker trader_SuperArbys_WAFFELBIT6[1561091]:         [
Nov 27 00:55:58 the-rain-maker trader_SuperArbys_WAFFELBIT6[1561091]:             "buy",
Nov 27 00:55:58 the-rain-maker trader_SuperArbys_WAFFELBIT6[1561091]:             "AMG",
Nov 27 00:55:58 the-rain-maker trader_SuperArbys_WAFFELBIT6[1561091]:             21.0
Nov 27 00:55:58 the-rain-maker trader_SuperArbys_WAFFELBIT6[1561091]:         ],
Nov 27 00:55:58 the-rain-maker trader_SuperArbys_WAFFELBIT6[1561091]:         [
Nov 27 00:55:58 the-rain-maker trader_SuperArbys_WAFFELBIT6[1561091]:             "buy",
Nov 27 00:55:58 the-rain-maker trader_SuperArbys_WAFFELBIT6[1561091]:             "NSC",
Nov 27 00:55:58 the-rain-maker trader_SuperArbys_WAFFELBIT6[1561091]:             37.25509674549634
Nov 27 00:55:58 the-rain-maker trader_SuperArbys_WAFFELBIT6[1561091]:         ],
Nov 27 00:55:58 the-rain-maker trader_SuperArbys_WAFFELBIT6[1561091]:         [
Nov 27 00:55:58 the-rain-maker trader_SuperArbys_WAFFELBIT6[1561091]:             "buy",
Nov 27 00:55:58 the-rain-maker trader_SuperArbys_WAFFELBIT6[1561091]:             "BAX",
Nov 27 00:55:58 the-rain-maker trader_SuperArbys_WAFFELBIT6[1561091]:             569.3114517819707
Nov 27 00:55:58 the-rain-maker trader_SuperArbys_WAFFELBIT6[1561091]:         ]
Nov 27 00:55:58 the-rain-maker trader_SuperArbys_WAFFELBIT6[1561091]:     ],
Nov 27 00:55:58 the-rain-maker trader_SuperArbys_WAFFELBIT6[1561091]:     "prices": {
Nov 27 00:55:58 the-rain-maker trader_SuperArbys_WAFFELBIT6[1561091]:         "H": 78.23,
Nov 27 00:55:58 the-rain-maker trader_SuperArbys_WAFFELBIT6[1561091]:         "ESS": 340.72,
Nov 27 00:55:58 the-rain-maker trader_SuperArbys_WAFFELBIT6[1561091]:         "LMT": 342.63,
Nov 27 00:55:58 the-rain-maker trader_SuperArbys_WAFFELBIT6[1561091]:         "AMG": 170.34,
Nov 27 00:55:58 the-rain-maker trader_SuperArbys_WAFFELBIT6[1561091]:         "NSC": 269.78,
Nov 27 00:55:58 the-rain-maker trader_SuperArbys_WAFFELBIT6[1561091]:         "BAX": 76.32
Nov 27 00:55:58 the-rain-maker trader_SuperArbys_WAFFELBIT6[1561091]:     },
Nov 27 00:55:58 the-rain-maker trader_SuperArbys_WAFFELBIT6[1561091]:     "time_lane": null
Nov 27 00:55:58 the-rain-maker trader_SuperArbys_WAFFELBIT6[1561091]: }
Nov 27 00:55:58 the-rain-maker trader_SuperArbys_WAFFELBIT6[1561091]: Traceback (most recent call last):
Nov 27 00:55:58 the-rain-maker trader_SuperArbys_WAFFELBIT6[1561091]:   File "/home/dkarimi/work/supersets/SuperArbys/dstock_venv/lib/python3.8/site-packages/alpaca_trade_api/rest.py", line 208, in _one_request
Nov 27 00:55:58 the-rain-maker trader_SuperArbys_WAFFELBIT6[1561091]:     resp.raise_for_status()
Nov 27 00:55:58 the-rain-maker trader_SuperArbys_WAFFELBIT6[1561091]:   File "/home/dkarimi/work/supersets/SuperArbys/dstock_venv/lib/python3.8/site-packages/requests/models.py", line 953, in raise_for_status
Nov 27 00:55:58 the-rain-maker trader_SuperArbys_WAFFELBIT6[1561091]:     raise HTTPError(http_error_msg, response=self)
Nov 27 00:55:58 the-rain-maker trader_SuperArbys_WAFFELBIT6[1561091]: requests.exceptions.HTTPError: 403 Client Error: Forbidden for url: https://paper-api.alpaca.markets/v2/orders
Nov 27 00:55:58 the-rain-maker trader_SuperArbys_WAFFELBIT6[1561091]: During handling of the above exception, another exception occurred:
Nov 27 00:55:58 the-rain-maker trader_SuperArbys_WAFFELBIT6[1561091]: Traceback (most recent call last):
Nov 27 00:55:58 the-rain-maker trader_SuperArbys_WAFFELBIT6[1561091]:   File "./palloc_trader.py", line 746, in <module>
Nov 27 00:55:58 the-rain-maker trader_SuperArbys_WAFFELBIT6[1561091]:     main(**vars(args))
Nov 27 00:55:58 the-rain-maker trader_SuperArbys_WAFFELBIT6[1561091]:   File "./palloc_trader.py", line 672, in main
Nov 27 00:55:58 the-rain-maker trader_SuperArbys_WAFFELBIT6[1561091]:     neworder = alpaca.submit_order(
Nov 27 00:55:58 the-rain-maker trader_SuperArbys_WAFFELBIT6[1561091]:   File "/home/dkarimi/work/supersets/SuperArbys/dstock_venv/lib/python3.8/site-packages/alpaca_trade_api/rest.py", line 395, in submit_order
Nov 27 00:55:58 the-rain-maker trader_SuperArbys_WAFFELBIT6[1561091]:     resp = self.post('/orders', params)
Nov 27 00:55:58 the-rain-maker trader_SuperArbys_WAFFELBIT6[1561091]:   File "/home/dkarimi/work/supersets/SuperArbys/dstock_venv/lib/python3.8/site-packages/alpaca_trade_api/rest.py", line 227, in post
Nov 27 00:55:58 the-rain-maker trader_SuperArbys_WAFFELBIT6[1561091]:     return self._request('POST', path, data)
Nov 27 00:55:58 the-rain-maker trader_SuperArbys_WAFFELBIT6[1561091]:   File "/home/dkarimi/work/supersets/SuperArbys/dstock_venv/lib/python3.8/site-packages/alpaca_trade_api/rest.py", line 187, in _request
Nov 27 00:55:58 the-rain-maker trader_SuperArbys_WAFFELBIT6[1561091]:     return self._one_request(method, url, opts, retry)
Nov 27 00:55:58 the-rain-maker trader_SuperArbys_WAFFELBIT6[1561091]:   File "/home/dkarimi/work/supersets/SuperArbys/dstock_venv/lib/python3.8/site-packages/alpaca_trade_api/rest.py", line 216, in _one_request
Nov 27 00:55:58 the-rain-maker trader_SuperArbys_WAFFELBIT6[1561091]:     raise APIError(error, http_error)
Nov 27 00:55:58 the-rain-maker trader_SuperArbys_WAFFELBIT6[1561091]: alpaca_trade_api.rest.APIError: account is not authorized to trade
Nov 27 00:55:58 the-rain-maker systemd[1]: trader_SuperArbys_WAFFELBIT6.service: Main process exited, code=exited, status=1/FAILURE
Nov 27 00:55:58 the-rain-maker trader_SuperArbys_WAFFELBIT6[1561177]: generating post service report for : trader_SuperArbys_WAFFELBIT6
Nov 27 00:55:58 the-rain-maker trader_SuperArbys_WAFFELBIT6[1561177]: Generating email content ...
Nov 27 00:56:01 the-rain-maker trader_SuperArbys_WAFFELBIT6[1561177]: Sending email about website dstock/reports/SuperArbys/2021-11-27/post_service/005558_trader_SuperArbys_WAFFELBIT6 ...
Nov 27 00:56:02 the-rain-maker systemd[1]: trader_SuperArbys_WAFFELBIT6.service: Failed with result 'exit-code'.
Nov 27 00:56:02 the-rain-maker systemd[1]: Failed to start dstock SuperArbys palloc WAFFELBIT6 trader service.
Nov 27 09:03:31 the-rain-maker systemd[1]: Starting dstock SuperArbys palloc WAFFELBIT6 trader service...
Nov 27 09:03:32 the-rain-maker trader_SuperArbys_WAFFELBIT6[1721785]: INFO:root:Logging into Alpaca
Nov 27 09:03:32 the-rain-maker trader_SuperArbys_WAFFELBIT6[1721785]: INFO:root:Canceling existing orders
Nov 27 09:03:32 the-rain-maker trader_SuperArbys_WAFFELBIT6[1721785]: INFO:root:Requesting current orders
Nov 27 09:03:33 the-rain-maker trader_SuperArbys_WAFFELBIT6[1721785]: INFO:root:   + buy 203.03 shares of H @ $ 78.23  = $ 15883.42
Nov 27 09:03:33 the-rain-maker trader_SuperArbys_WAFFELBIT6[1721785]: {
Nov 27 09:03:33 the-rain-maker trader_SuperArbys_WAFFELBIT6[1721785]:     "account_value": 100000.0,
Nov 27 09:03:33 the-rain-maker trader_SuperArbys_WAFFELBIT6[1721785]:     "goal_allocation": {
Nov 27 09:03:33 the-rain-maker trader_SuperArbys_WAFFELBIT6[1721785]:         "H": 0.15883417584100826,
Nov 27 09:03:33 the-rain-maker trader_SuperArbys_WAFFELBIT6[1721785]:         "ESS": 0.057505233601314175,
Nov 27 09:03:33 the-rain-maker trader_SuperArbys_WAFFELBIT6[1721785]:         "LMT": 0.20818440947205696,
Nov 27 09:03:33 the-rain-maker trader_SuperArbys_WAFFELBIT6[1721785]:         "AMG": 0.03513173400027241,
Nov 27 09:03:33 the-rain-maker trader_SuperArbys_WAFFELBIT6[1721785]:         "NSC": 0.09862732967723019,
Nov 27 09:03:33 the-rain-maker trader_SuperArbys_WAFFELBIT6[1721785]:         "BAX": 0.44171711740811803
Nov 27 09:03:33 the-rain-maker trader_SuperArbys_WAFFELBIT6[1721785]:     },
Nov 27 09:03:33 the-rain-maker trader_SuperArbys_WAFFELBIT6[1721785]:     "requested_recommendation_time": null,
Nov 27 09:03:33 the-rain-maker trader_SuperArbys_WAFFELBIT6[1721785]:     "actual_recommendation_time": "2021-11-27 08:03:34",
Nov 27 09:03:33 the-rain-maker trader_SuperArbys_WAFFELBIT6[1721785]:     "cur_time": "2021-11-27",
Nov 27 09:03:33 the-rain-maker trader_SuperArbys_WAFFELBIT6[1721785]:     "recommendation_run_end_date": "2021-11-26 00:00:00",
Nov 27 09:03:33 the-rain-maker trader_SuperArbys_WAFFELBIT6[1721785]:     "orders": [
Nov 27 09:03:33 the-rain-maker trader_SuperArbys_WAFFELBIT6[1721785]:         [
Nov 27 09:03:33 the-rain-maker trader_SuperArbys_WAFFELBIT6[1721785]:             "buy",
Nov 27 09:03:33 the-rain-maker trader_SuperArbys_WAFFELBIT6[1721785]:             "H",
Nov 27 09:03:33 the-rain-maker trader_SuperArbys_WAFFELBIT6[1721785]:             203.03489709829987
Nov 27 09:03:33 the-rain-maker trader_SuperArbys_WAFFELBIT6[1721785]:         ],
Nov 27 09:03:33 the-rain-maker trader_SuperArbys_WAFFELBIT6[1721785]:         [
Nov 27 09:03:33 the-rain-maker trader_SuperArbys_WAFFELBIT6[1721785]:             "buy",
Nov 27 09:03:33 the-rain-maker trader_SuperArbys_WAFFELBIT6[1721785]:             "ESS",
Nov 27 09:03:33 the-rain-maker trader_SuperArbys_WAFFELBIT6[1721785]:             16.877553416294905
Nov 27 09:03:33 the-rain-maker trader_SuperArbys_WAFFELBIT6[1721785]:         ],
Nov 27 09:03:33 the-rain-maker trader_SuperArbys_WAFFELBIT6[1721785]:         [
Nov 27 09:03:33 the-rain-maker trader_SuperArbys_WAFFELBIT6[1721785]:             "buy",
Nov 27 09:03:33 the-rain-maker trader_SuperArbys_WAFFELBIT6[1721785]:             "LMT",
Nov 27 09:03:33 the-rain-maker trader_SuperArbys_WAFFELBIT6[1721785]:             60.760703966377726
Nov 27 09:03:33 the-rain-maker trader_SuperArbys_WAFFELBIT6[1721785]:         ],
Nov 27 09:03:33 the-rain-maker trader_SuperArbys_WAFFELBIT6[1721785]:         [
Nov 27 09:03:33 the-rain-maker trader_SuperArbys_WAFFELBIT6[1721785]:             "buy",
Nov 27 09:03:33 the-rain-maker trader_SuperArbys_WAFFELBIT6[1721785]:             "AMG",
Nov 27 09:03:33 the-rain-maker trader_SuperArbys_WAFFELBIT6[1721785]:             21.0
Nov 27 09:03:33 the-rain-maker trader_SuperArbys_WAFFELBIT6[1721785]:         ],
Nov 27 09:03:33 the-rain-maker trader_SuperArbys_WAFFELBIT6[1721785]:         [
Nov 27 09:03:33 the-rain-maker trader_SuperArbys_WAFFELBIT6[1721785]:             "buy",
Nov 27 09:03:33 the-rain-maker trader_SuperArbys_WAFFELBIT6[1721785]:             "NSC",
Nov 27 09:03:33 the-rain-maker trader_SuperArbys_WAFFELBIT6[1721785]:             36.558417970197944
Nov 27 09:03:33 the-rain-maker trader_SuperArbys_WAFFELBIT6[1721785]:         ],
Nov 27 09:03:33 the-rain-maker trader_SuperArbys_WAFFELBIT6[1721785]:         [
Nov 27 09:03:33 the-rain-maker trader_SuperArbys_WAFFELBIT6[1721785]:             "buy",
Nov 27 09:03:33 the-rain-maker trader_SuperArbys_WAFFELBIT6[1721785]:             "BAX",
Nov 27 09:03:33 the-rain-maker trader_SuperArbys_WAFFELBIT6[1721785]:             578.769785115304
Nov 27 09:03:33 the-rain-maker trader_SuperArbys_WAFFELBIT6[1721785]:         ]
Nov 27 09:03:33 the-rain-maker trader_SuperArbys_WAFFELBIT6[1721785]:     ],
Nov 27 09:03:33 the-rain-maker trader_SuperArbys_WAFFELBIT6[1721785]:     "prices": {
Nov 27 09:03:33 the-rain-maker trader_SuperArbys_WAFFELBIT6[1721785]:         "H": 78.23,
Nov 27 09:03:33 the-rain-maker trader_SuperArbys_WAFFELBIT6[1721785]:         "ESS": 340.72,
Nov 27 09:03:33 the-rain-maker trader_SuperArbys_WAFFELBIT6[1721785]:         "LMT": 342.63,
Nov 27 09:03:33 the-rain-maker trader_SuperArbys_WAFFELBIT6[1721785]:         "AMG": 170.34,
Nov 27 09:03:33 the-rain-maker trader_SuperArbys_WAFFELBIT6[1721785]:         "NSC": 269.78,
Nov 27 09:03:33 the-rain-maker trader_SuperArbys_WAFFELBIT6[1721785]:         "BAX": 76.32
Nov 27 09:03:33 the-rain-maker trader_SuperArbys_WAFFELBIT6[1721785]:     },
Nov 27 09:03:33 the-rain-maker trader_SuperArbys_WAFFELBIT6[1721785]:     "time_lane": null
Nov 27 09:03:33 the-rain-maker trader_SuperArbys_WAFFELBIT6[1721785]: }
Nov 27 09:03:33 the-rain-maker trader_SuperArbys_WAFFELBIT6[1721785]: Traceback (most recent call last):
Nov 27 09:03:33 the-rain-maker trader_SuperArbys_WAFFELBIT6[1721785]:   File "/home/dkarimi/work/supersets/SuperArbys/dstock_venv/lib/python3.8/site-packages/alpaca_trade_api/rest.py", line 208, in _one_request
Nov 27 09:03:33 the-rain-maker trader_SuperArbys_WAFFELBIT6[1721785]:     resp.raise_for_status()
Nov 27 09:03:33 the-rain-maker trader_SuperArbys_WAFFELBIT6[1721785]:   File "/home/dkarimi/work/supersets/SuperArbys/dstock_venv/lib/python3.8/site-packages/requests/models.py", line 953, in raise_for_status
Nov 27 09:03:33 the-rain-maker trader_SuperArbys_WAFFELBIT6[1721785]:     raise HTTPError(http_error_msg, response=self)
Nov 27 09:03:33 the-rain-maker trader_SuperArbys_WAFFELBIT6[1721785]: requests.exceptions.HTTPError: 403 Client Error: Forbidden for url: https://paper-api.alpaca.markets/v2/orders
Nov 27 09:03:33 the-rain-maker trader_SuperArbys_WAFFELBIT6[1721785]: During handling of the above exception, another exception occurred:
Nov 27 09:03:33 the-rain-maker trader_SuperArbys_WAFFELBIT6[1721785]: Traceback (most recent call last):
Nov 27 09:03:33 the-rain-maker trader_SuperArbys_WAFFELBIT6[1721785]:   File "./palloc_trader.py", line 746, in <module>
Nov 27 09:03:33 the-rain-maker trader_SuperArbys_WAFFELBIT6[1721785]:     main(**vars(args))
Nov 27 09:03:33 the-rain-maker trader_SuperArbys_WAFFELBIT6[1721785]:   File "./palloc_trader.py", line 672, in main
Nov 27 09:03:33 the-rain-maker trader_SuperArbys_WAFFELBIT6[1721785]:     neworder = alpaca.submit_order(
Nov 27 09:03:33 the-rain-maker trader_SuperArbys_WAFFELBIT6[1721785]:   File "/home/dkarimi/work/supersets/SuperArbys/dstock_venv/lib/python3.8/site-packages/alpaca_trade_api/rest.py", line 395, in submit_order
Nov 27 09:03:33 the-rain-maker trader_SuperArbys_WAFFELBIT6[1721785]:     resp = self.post('/orders', params)
Nov 27 09:03:33 the-rain-maker trader_SuperArbys_WAFFELBIT6[1721785]:   File "/home/dkarimi/work/supersets/SuperArbys/dstock_venv/lib/python3.8/site-packages/alpaca_trade_api/rest.py", line 227, in post
Nov 27 09:03:33 the-rain-maker trader_SuperArbys_WAFFELBIT6[1721785]:     return self._request('POST', path, data)
Nov 27 09:03:33 the-rain-maker trader_SuperArbys_WAFFELBIT6[1721785]:   File "/home/dkarimi/work/supersets/SuperArbys/dstock_venv/lib/python3.8/site-packages/alpaca_trade_api/rest.py", line 187, in _request
Nov 27 09:03:33 the-rain-maker trader_SuperArbys_WAFFELBIT6[1721785]:     return self._one_request(method, url, opts, retry)
Nov 27 09:03:33 the-rain-maker trader_SuperArbys_WAFFELBIT6[1721785]:   File "/home/dkarimi/work/supersets/SuperArbys/dstock_venv/lib/python3.8/site-packages/alpaca_trade_api/rest.py", line 216, in _one_request
Nov 27 09:03:33 the-rain-maker trader_SuperArbys_WAFFELBIT6[1721785]:     raise APIError(error, http_error)
Nov 27 09:03:33 the-rain-maker trader_SuperArbys_WAFFELBIT6[1721785]: alpaca_trade_api.rest.APIError: account is not authorized to trade
Nov 27 09:03:33 the-rain-maker systemd[1]: trader_SuperArbys_WAFFELBIT6.service: Main process exited, code=exited, status=1/FAILURE
Nov 27 09:03:33 the-rain-maker trader_SuperArbys_WAFFELBIT6[1721826]: generating post service report for : trader_SuperArbys_WAFFELBIT6
Nov 27 09:03:33 the-rain-maker trader_SuperArbys_WAFFELBIT6[1721826]: Generating email content ...
