-- Logs begin at Sun 2021-07-04 10:13:09 EDT, end at Sat 2021-11-20 13:37:33 EST. --
Nov 19 13:37:31 the-rain-maker systemd[1]: Starting dstock SuperGangsta palloc TESTFUNDS1330 trader service...
Nov 19 13:37:32 the-rain-maker trader_SuperGangsta_TESTFUNDS1330[3698495]: INFO:root:Logging into Alpaca
Nov 19 13:37:32 the-rain-maker trader_SuperGangsta_TESTFUNDS1330[3698495]: INFO:root:Canceling existing orders
Nov 19 13:37:32 the-rain-maker trader_SuperGangsta_TESTFUNDS1330[3698495]: INFO:root:Requesting current orders
Nov 19 13:37:33 the-rain-maker trader_SuperGangsta_TESTFUNDS1330[3698495]: INFO:root:   - sell 8.45 shares of AAPL @ $ 159.96  = $ 1350.93
Nov 19 13:37:33 the-rain-maker trader_SuperGangsta_TESTFUNDS1330[3698495]: INFO:root:   - sell 1.32 shares of FB @ $ 346.25  = $ 456.33
Nov 19 13:37:33 the-rain-maker trader_SuperGangsta_TESTFUNDS1330[3698495]: INFO:root:   - sell 0.24 shares of GOOG @ $ 3005.0  = $ 725.2
Nov 19 13:37:33 the-rain-maker trader_SuperGangsta_TESTFUNDS1330[3698495]: INFO:root:   + buy 23.27 shares of AIG @ $ 55.27  = $ 1286.25
Nov 19 13:37:33 the-rain-maker trader_SuperGangsta_TESTFUNDS1330[3698495]: INFO:root:   + buy 7.09 shares of IBM @ $ 115.92  = $ 821.51
Nov 19 13:37:33 the-rain-maker trader_SuperGangsta_TESTFUNDS1330[3698495]: INFO:root:   + buy 3.03 shares of BAC @ $ 45.44  = $ 137.78
Nov 19 13:37:33 the-rain-maker trader_SuperGangsta_TESTFUNDS1330[3698495]: INFO:root:   + buy 1.76 shares of WM @ $ 162.72  = $ 286.41
Nov 19 13:37:33 the-rain-maker trader_SuperGangsta_TESTFUNDS1330[3698495]: {
Nov 19 13:37:33 the-rain-maker trader_SuperGangsta_TESTFUNDS1330[3698495]:     "account_value": 99710.90819645232,
Nov 19 13:37:33 the-rain-maker trader_SuperGangsta_TESTFUNDS1330[3698495]:     "goal_allocation": {
Nov 19 13:37:33 the-rain-maker trader_SuperGangsta_TESTFUNDS1330[3698495]:         "AAPL": 0.14858724552533628,
Nov 19 13:37:33 the-rain-maker trader_SuperGangsta_TESTFUNDS1330[3698495]:         "AIG": 0.17940249341884107,
Nov 19 13:37:33 the-rain-maker trader_SuperGangsta_TESTFUNDS1330[3698495]:         "FB": 0.18148127992066143,
Nov 19 13:37:33 the-rain-maker trader_SuperGangsta_TESTFUNDS1330[3698495]:         "GOOG": 0.07515098145869656,
Nov 19 13:37:33 the-rain-maker trader_SuperGangsta_TESTFUNDS1330[3698495]:         "IBM": 0.3341371182516014,
Nov 19 13:37:33 the-rain-maker trader_SuperGangsta_TESTFUNDS1330[3698495]:         "BAC": 0.056945513925648845,
Nov 19 13:37:33 the-rain-maker trader_SuperGangsta_TESTFUNDS1330[3698495]:         "WM": 0.02429536749921444
Nov 19 13:37:33 the-rain-maker trader_SuperGangsta_TESTFUNDS1330[3698495]:     },
Nov 19 13:37:33 the-rain-maker trader_SuperGangsta_TESTFUNDS1330[3698495]:     "requested_recommendation_time": null,
Nov 19 13:37:33 the-rain-maker trader_SuperGangsta_TESTFUNDS1330[3698495]:     "actual_recommendation_time": "2021-11-19 13:01:46",
Nov 19 13:37:33 the-rain-maker trader_SuperGangsta_TESTFUNDS1330[3698495]:     "cur_time": "2021-11-19",
Nov 19 13:37:33 the-rain-maker trader_SuperGangsta_TESTFUNDS1330[3698495]:     "recommendation_run_end_date": "2021-11-18 00:00:00",
Nov 19 13:37:33 the-rain-maker trader_SuperGangsta_TESTFUNDS1330[3698495]:     "orders": [
Nov 19 13:37:33 the-rain-maker trader_SuperGangsta_TESTFUNDS1330[3698495]:         [
Nov 19 13:37:33 the-rain-maker trader_SuperGangsta_TESTFUNDS1330[3698495]:             "sell",
Nov 19 13:37:33 the-rain-maker trader_SuperGangsta_TESTFUNDS1330[3698495]:             "AAPL",
Nov 19 13:37:33 the-rain-maker trader_SuperGangsta_TESTFUNDS1330[3698495]:             8.445423855963993
Nov 19 13:37:33 the-rain-maker trader_SuperGangsta_TESTFUNDS1330[3698495]:         ],
Nov 19 13:37:33 the-rain-maker trader_SuperGangsta_TESTFUNDS1330[3698495]:         [
Nov 19 13:37:33 the-rain-maker trader_SuperGangsta_TESTFUNDS1330[3698495]:             "sell",
Nov 19 13:37:33 the-rain-maker trader_SuperGangsta_TESTFUNDS1330[3698495]:             "FB",
Nov 19 13:37:33 the-rain-maker trader_SuperGangsta_TESTFUNDS1330[3698495]:             1.3179205776173335
Nov 19 13:37:33 the-rain-maker trader_SuperGangsta_TESTFUNDS1330[3698495]:         ],
Nov 19 13:37:33 the-rain-maker trader_SuperGangsta_TESTFUNDS1330[3698495]:         [
Nov 19 13:37:33 the-rain-maker trader_SuperGangsta_TESTFUNDS1330[3698495]:             "sell",
Nov 19 13:37:33 the-rain-maker trader_SuperGangsta_TESTFUNDS1330[3698495]:             "GOOG",
Nov 19 13:37:33 the-rain-maker trader_SuperGangsta_TESTFUNDS1330[3698495]:             0.2413311148086522
Nov 19 13:37:33 the-rain-maker trader_SuperGangsta_TESTFUNDS1330[3698495]:         ],
Nov 19 13:37:33 the-rain-maker trader_SuperGangsta_TESTFUNDS1330[3698495]:         [
Nov 19 13:37:33 the-rain-maker trader_SuperGangsta_TESTFUNDS1330[3698495]:             "buy",
Nov 19 13:37:33 the-rain-maker trader_SuperGangsta_TESTFUNDS1330[3698495]:             "AIG",
Nov 19 13:37:33 the-rain-maker trader_SuperGangsta_TESTFUNDS1330[3698495]:             23.274224192526916
Nov 19 13:37:33 the-rain-maker trader_SuperGangsta_TESTFUNDS1330[3698495]:         ],
Nov 19 13:37:33 the-rain-maker trader_SuperGangsta_TESTFUNDS1330[3698495]:         [
Nov 19 13:37:33 the-rain-maker trader_SuperGangsta_TESTFUNDS1330[3698495]:             "buy",
Nov 19 13:37:33 the-rain-maker trader_SuperGangsta_TESTFUNDS1330[3698495]:             "IBM",
Nov 19 13:37:33 the-rain-maker trader_SuperGangsta_TESTFUNDS1330[3698495]:             7.086870255348534
Nov 19 13:37:33 the-rain-maker trader_SuperGangsta_TESTFUNDS1330[3698495]:         ],
Nov 19 13:37:33 the-rain-maker trader_SuperGangsta_TESTFUNDS1330[3698495]:         [
Nov 19 13:37:33 the-rain-maker trader_SuperGangsta_TESTFUNDS1330[3698495]:             "buy",
Nov 19 13:37:33 the-rain-maker trader_SuperGangsta_TESTFUNDS1330[3698495]:             "BAC",
Nov 19 13:37:33 the-rain-maker trader_SuperGangsta_TESTFUNDS1330[3698495]:             3.0324639595025804
Nov 19 13:37:33 the-rain-maker trader_SuperGangsta_TESTFUNDS1330[3698495]:         ],
Nov 19 13:37:33 the-rain-maker trader_SuperGangsta_TESTFUNDS1330[3698495]:         [
Nov 19 13:37:33 the-rain-maker trader_SuperGangsta_TESTFUNDS1330[3698495]:             "buy",
Nov 19 13:37:33 the-rain-maker trader_SuperGangsta_TESTFUNDS1330[3698495]:             "WM",
Nov 19 13:37:33 the-rain-maker trader_SuperGangsta_TESTFUNDS1330[3698495]:             1.7601401179941023
Nov 19 13:37:33 the-rain-maker trader_SuperGangsta_TESTFUNDS1330[3698495]:         ]
Nov 19 13:37:33 the-rain-maker trader_SuperGangsta_TESTFUNDS1330[3698495]:     ],
Nov 19 13:37:33 the-rain-maker trader_SuperGangsta_TESTFUNDS1330[3698495]:     "prices": {
Nov 19 13:37:33 the-rain-maker trader_SuperGangsta_TESTFUNDS1330[3698495]:         "WM": 162.72,
Nov 19 13:37:33 the-rain-maker trader_SuperGangsta_TESTFUNDS1330[3698495]:         "IBM": 115.92,
Nov 19 13:37:33 the-rain-maker trader_SuperGangsta_TESTFUNDS1330[3698495]:         "GOOG": 3005.0,
Nov 19 13:37:33 the-rain-maker trader_SuperGangsta_TESTFUNDS1330[3698495]:         "FB": 346.25,
Nov 19 13:37:33 the-rain-maker trader_SuperGangsta_TESTFUNDS1330[3698495]:         "BAC": 45.435,
Nov 19 13:37:33 the-rain-maker trader_SuperGangsta_TESTFUNDS1330[3698495]:         "AIG": 55.265,
Nov 19 13:37:33 the-rain-maker trader_SuperGangsta_TESTFUNDS1330[3698495]:         "AAPL": 159.96
Nov 19 13:37:33 the-rain-maker trader_SuperGangsta_TESTFUNDS1330[3698495]:     },
Nov 19 13:37:33 the-rain-maker trader_SuperGangsta_TESTFUNDS1330[3698495]:     "time_lane": null
Nov 19 13:37:33 the-rain-maker trader_SuperGangsta_TESTFUNDS1330[3698495]: }
Nov 19 13:37:33 the-rain-maker trader_SuperGangsta_TESTFUNDS1330[3698516]: generating post service report for : trader_SuperGangsta_TESTFUNDS1330
Nov 19 13:37:33 the-rain-maker trader_SuperGangsta_TESTFUNDS1330[3698516]: Generating email content ...
Nov 19 13:37:34 the-rain-maker trader_SuperGangsta_TESTFUNDS1330[3698516]: Sending email about website dstock/reports/SuperGangsta/2021-11-19/post_service/133733_trader_SuperGangsta_TESTFUNDS1330 ...
Nov 19 13:37:36 the-rain-maker systemd[1]: trader_SuperGangsta_TESTFUNDS1330.service: Succeeded.
Nov 19 13:37:36 the-rain-maker systemd[1]: Finished dstock SuperGangsta palloc TESTFUNDS1330 trader service.
Nov 20 13:37:31 the-rain-maker systemd[1]: Starting dstock SuperGangsta palloc TESTFUNDS1330 trader service...
Nov 20 13:37:32 the-rain-maker trader_SuperGangsta_TESTFUNDS1330[4033298]: INFO:root:Logging into Alpaca
Nov 20 13:37:32 the-rain-maker trader_SuperGangsta_TESTFUNDS1330[4033298]: INFO:root:Canceling existing orders
Nov 20 13:37:32 the-rain-maker trader_SuperGangsta_TESTFUNDS1330[4033298]: Traceback (most recent call last):
Nov 20 13:37:32 the-rain-maker trader_SuperGangsta_TESTFUNDS1330[4033298]:   File "/home/dkarimi/work/supersets/SuperGangsta/dstock_venv/lib/python3.8/site-packages/urllib3/connection.py", line 169, in _new_conn
Nov 20 13:37:32 the-rain-maker trader_SuperGangsta_TESTFUNDS1330[4033298]:     conn = connection.create_connection(
Nov 20 13:37:32 the-rain-maker trader_SuperGangsta_TESTFUNDS1330[4033298]:   File "/home/dkarimi/work/supersets/SuperGangsta/dstock_venv/lib/python3.8/site-packages/urllib3/util/connection.py", line 96, in create_connection
Nov 20 13:37:32 the-rain-maker trader_SuperGangsta_TESTFUNDS1330[4033298]:     raise err
Nov 20 13:37:32 the-rain-maker trader_SuperGangsta_TESTFUNDS1330[4033298]:   File "/home/dkarimi/work/supersets/SuperGangsta/dstock_venv/lib/python3.8/site-packages/urllib3/util/connection.py", line 86, in create_connection
Nov 20 13:37:32 the-rain-maker trader_SuperGangsta_TESTFUNDS1330[4033298]:     sock.connect(sa)
Nov 20 13:37:32 the-rain-maker trader_SuperGangsta_TESTFUNDS1330[4033298]: ConnectionRefusedError: [Errno 111] Connection refused
Nov 20 13:37:32 the-rain-maker trader_SuperGangsta_TESTFUNDS1330[4033298]: During handling of the above exception, another exception occurred:
Nov 20 13:37:32 the-rain-maker trader_SuperGangsta_TESTFUNDS1330[4033298]: Traceback (most recent call last):
Nov 20 13:37:32 the-rain-maker trader_SuperGangsta_TESTFUNDS1330[4033298]:   File "/home/dkarimi/work/supersets/SuperGangsta/dstock_venv/lib/python3.8/site-packages/urllib3/connectionpool.py", line 699, in urlopen
Nov 20 13:37:32 the-rain-maker trader_SuperGangsta_TESTFUNDS1330[4033298]:     httplib_response = self._make_request(
Nov 20 13:37:32 the-rain-maker trader_SuperGangsta_TESTFUNDS1330[4033298]:   File "/home/dkarimi/work/supersets/SuperGangsta/dstock_venv/lib/python3.8/site-packages/urllib3/connectionpool.py", line 382, in _make_request
Nov 20 13:37:32 the-rain-maker trader_SuperGangsta_TESTFUNDS1330[4033298]:     self._validate_conn(conn)
Nov 20 13:37:32 the-rain-maker trader_SuperGangsta_TESTFUNDS1330[4033298]:   File "/home/dkarimi/work/supersets/SuperGangsta/dstock_venv/lib/python3.8/site-packages/urllib3/connectionpool.py", line 1010, in _validate_conn
Nov 20 13:37:32 the-rain-maker trader_SuperGangsta_TESTFUNDS1330[4033298]:     conn.connect()
Nov 20 13:37:32 the-rain-maker trader_SuperGangsta_TESTFUNDS1330[4033298]:   File "/home/dkarimi/work/supersets/SuperGangsta/dstock_venv/lib/python3.8/site-packages/urllib3/connection.py", line 353, in connect
Nov 20 13:37:32 the-rain-maker trader_SuperGangsta_TESTFUNDS1330[4033298]:     conn = self._new_conn()
Nov 20 13:37:32 the-rain-maker trader_SuperGangsta_TESTFUNDS1330[4033298]:   File "/home/dkarimi/work/supersets/SuperGangsta/dstock_venv/lib/python3.8/site-packages/urllib3/connection.py", line 181, in _new_conn
Nov 20 13:37:32 the-rain-maker trader_SuperGangsta_TESTFUNDS1330[4033298]:     raise NewConnectionError(
Nov 20 13:37:32 the-rain-maker trader_SuperGangsta_TESTFUNDS1330[4033298]: urllib3.exceptions.NewConnectionError: <urllib3.connection.HTTPSConnection object at 0x7feef8943550>: Failed to establish a new connection: [Errno 111] Connection refused
Nov 20 13:37:32 the-rain-maker trader_SuperGangsta_TESTFUNDS1330[4033298]: During handling of the above exception, another exception occurred:
Nov 20 13:37:32 the-rain-maker trader_SuperGangsta_TESTFUNDS1330[4033298]: Traceback (most recent call last):
Nov 20 13:37:32 the-rain-maker trader_SuperGangsta_TESTFUNDS1330[4033298]:   File "/home/dkarimi/work/supersets/SuperGangsta/dstock_venv/lib/python3.8/site-packages/requests/adapters.py", line 439, in send
Nov 20 13:37:32 the-rain-maker trader_SuperGangsta_TESTFUNDS1330[4033298]:     resp = conn.urlopen(
Nov 20 13:37:32 the-rain-maker trader_SuperGangsta_TESTFUNDS1330[4033298]:   File "/home/dkarimi/work/supersets/SuperGangsta/dstock_venv/lib/python3.8/site-packages/urllib3/connectionpool.py", line 755, in urlopen
Nov 20 13:37:32 the-rain-maker trader_SuperGangsta_TESTFUNDS1330[4033298]:     retries = retries.increment(
Nov 20 13:37:32 the-rain-maker trader_SuperGangsta_TESTFUNDS1330[4033298]:   File "/home/dkarimi/work/supersets/SuperGangsta/dstock_venv/lib/python3.8/site-packages/urllib3/util/retry.py", line 574, in increment
Nov 20 13:37:32 the-rain-maker trader_SuperGangsta_TESTFUNDS1330[4033298]:     raise MaxRetryError(_pool, url, error or ResponseError(cause))
Nov 20 13:37:32 the-rain-maker trader_SuperGangsta_TESTFUNDS1330[4033298]: urllib3.exceptions.MaxRetryError: HTTPSConnectionPool(host='paper-api.alpaca.markets', port=443): Max retries exceeded with url: /v2/orders (Caused by NewConnectionError('<urllib3.connection.HTTPSConnection object at 0x7feef8943550>: Failed to establish a new connection: [Errno 111] Connection refused'))
Nov 20 13:37:32 the-rain-maker trader_SuperGangsta_TESTFUNDS1330[4033298]: During handling of the above exception, another exception occurred:
Nov 20 13:37:32 the-rain-maker trader_SuperGangsta_TESTFUNDS1330[4033298]: Traceback (most recent call last):
Nov 20 13:37:32 the-rain-maker trader_SuperGangsta_TESTFUNDS1330[4033298]:   File "./palloc_trader.py", line 737, in <module>
Nov 20 13:37:32 the-rain-maker trader_SuperGangsta_TESTFUNDS1330[4033298]:     main(**vars(args))
Nov 20 13:37:32 the-rain-maker trader_SuperGangsta_TESTFUNDS1330[4033298]:   File "./palloc_trader.py", line 527, in main
Nov 20 13:37:32 the-rain-maker trader_SuperGangsta_TESTFUNDS1330[4033298]:     alpaca.cancel_all_orders()
Nov 20 13:37:32 the-rain-maker trader_SuperGangsta_TESTFUNDS1330[4033298]:   File "/home/dkarimi/work/supersets/SuperGangsta/dstock_venv/lib/python3.8/site-packages/alpaca_trade_api/rest.py", line 410, in cancel_all_orders
Nov 20 13:37:32 the-rain-maker trader_SuperGangsta_TESTFUNDS1330[4033298]:     self.delete('/orders')
Nov 20 13:37:32 the-rain-maker trader_SuperGangsta_TESTFUNDS1330[4033298]:   File "/home/dkarimi/work/supersets/SuperGangsta/dstock_venv/lib/python3.8/site-packages/alpaca_trade_api/rest.py", line 188, in delete
Nov 20 13:37:32 the-rain-maker trader_SuperGangsta_TESTFUNDS1330[4033298]:     return self._request('DELETE', path, data)
Nov 20 13:37:32 the-rain-maker trader_SuperGangsta_TESTFUNDS1330[4033298]:   File "/home/dkarimi/work/supersets/SuperGangsta/dstock_venv/lib/python3.8/site-packages/alpaca_trade_api/rest.py", line 139, in _request
Nov 20 13:37:32 the-rain-maker trader_SuperGangsta_TESTFUNDS1330[4033298]:     return self._one_request(method, url, opts, retry)
Nov 20 13:37:32 the-rain-maker trader_SuperGangsta_TESTFUNDS1330[4033298]:   File "/home/dkarimi/work/supersets/SuperGangsta/dstock_venv/lib/python3.8/site-packages/alpaca_trade_api/rest.py", line 158, in _one_request
Nov 20 13:37:32 the-rain-maker trader_SuperGangsta_TESTFUNDS1330[4033298]:     resp = self._session.request(method, url, **opts)
Nov 20 13:37:32 the-rain-maker trader_SuperGangsta_TESTFUNDS1330[4033298]:   File "/home/dkarimi/work/supersets/SuperGangsta/dstock_venv/lib/python3.8/site-packages/requests/sessions.py", line 542, in request
Nov 20 13:37:32 the-rain-maker trader_SuperGangsta_TESTFUNDS1330[4033298]:     resp = self.send(prep, **send_kwargs)
Nov 20 13:37:32 the-rain-maker trader_SuperGangsta_TESTFUNDS1330[4033298]:   File "/home/dkarimi/work/supersets/SuperGangsta/dstock_venv/lib/python3.8/site-packages/requests/sessions.py", line 655, in send
Nov 20 13:37:32 the-rain-maker trader_SuperGangsta_TESTFUNDS1330[4033298]:     r = adapter.send(request, **kwargs)
Nov 20 13:37:32 the-rain-maker trader_SuperGangsta_TESTFUNDS1330[4033298]:   File "/home/dkarimi/work/supersets/SuperGangsta/dstock_venv/lib/python3.8/site-packages/requests/adapters.py", line 516, in send
Nov 20 13:37:32 the-rain-maker trader_SuperGangsta_TESTFUNDS1330[4033298]:     raise ConnectionError(e, request=request)
Nov 20 13:37:32 the-rain-maker trader_SuperGangsta_TESTFUNDS1330[4033298]: requests.exceptions.ConnectionError: HTTPSConnectionPool(host='paper-api.alpaca.markets', port=443): Max retries exceeded with url: /v2/orders (Caused by NewConnectionError('<urllib3.connection.HTTPSConnection object at 0x7feef8943550>: Failed to establish a new connection: [Errno 111] Connection refused'))
Nov 20 13:37:33 the-rain-maker systemd[1]: trader_SuperGangsta_TESTFUNDS1330.service: Main process exited, code=exited, status=1/FAILURE
Nov 20 13:37:33 the-rain-maker trader_SuperGangsta_TESTFUNDS1330[4033307]: generating post service report for : trader_SuperGangsta_TESTFUNDS1330
Nov 20 13:37:33 the-rain-maker trader_SuperGangsta_TESTFUNDS1330[4033307]: Generating email content ...
